<?xml version="1.0" encoding="UTF-8"?>
<!-- Generated by org.testng.reporters.JUnitReportReporter -->
<testsuite hostname="WKWIN7673407" failures="0" tests="1" name="org.example.Assignment" time="20.137" errors="0" timestamp="2022-09-10T21:42:24 IST" skipped="0">
  <testcase classname="org.example.Assignment" name="testCode" time="20.137"/>
  <system-out/>
</testsuite> <!-- org.example.Assignment -->
